e:\workspace\mmo_server\mmo_client\debug\mmo_client.pch
e:\workspace\mmo_server\mmo_client\debug\vc120.pdb
e:\workspace\mmo_server\mmo_client\debug\vc120.idb
e:\workspace\mmo_server\mmo_client\debug\stdafx.obj
e:\workspace\mmo_server\mmo_client\debug\iobuffer.obj
e:\workspace\mmo_server\mmo_client\debug\server.obj
e:\workspace\mmo_server\mmo_client\debug\serversocket.obj
e:\workspace\mmo_server\mmo_client\debug\session.obj
e:\workspace\mmo_server\mmo_client\debug\socket.obj
e:\workspace\mmo_server\mmo_client\debug\socketapi.obj
e:\workspace\mmo_server\mmo_client\debug\thread.obj
e:\workspace\mmo_server\mmo_client\debug\mmo_client.obj
e:\workspace\mmo_server\debug\mmo_client.ilk
e:\workspace\mmo_server\debug\mmo_client.exe
e:\workspace\mmo_server\debug\mmo_client.pdb
e:\workspace\mmo_server\mmo_client\debug\mmo_client.tlog\cl.command.1.tlog
e:\workspace\mmo_server\mmo_client\debug\mmo_client.tlog\cl.read.1.tlog
e:\workspace\mmo_server\mmo_client\debug\mmo_client.tlog\cl.write.1.tlog
e:\workspace\mmo_server\mmo_client\debug\mmo_client.tlog\link.command.1.tlog
e:\workspace\mmo_server\mmo_client\debug\mmo_client.tlog\link.read.1.tlog
e:\workspace\mmo_server\mmo_client\debug\mmo_client.tlog\link.write.1.tlog
