生成启动时间为 2015/8/11 15:24:17。
     1>项目“E:\workspace\mmo_server\mmo_client\mmo_client.vcxproj”在节点 3 上(Build 个目标)。
     1>ClCompile:
         D:\Program Files (x86)\Microsoft Visual Studio 12.0\VC\bin\CL.exe /c /ZI /nologo /W3 /WX- /sdl /Od /Oy- /D WIN32 /D _DEBUG /D _CONSOLE /D _LIB /D _CRT_SECURE_NO_WARNINGS /D _UNICODE /D UNICODE /Gm /EHsc /RTC1 /MDd /GS /fp:precise /Zc:wchar_t /Zc:forScope /Fo"Debug\\" /Fd"Debug\vc120.pdb" /Gd /TP /analyze- /errorReport:prompt ..\common\ServerSocket.cpp ..\common\Socket.cpp ..\common\server.cpp ..\common\session.cpp mmo_client.cpp
         Socket.cpp
     1>e:\workspace\mmo_server\common\socketapi.h(121): warning C4091: “typedef ”: 没有声明变量时忽略“fd_event”的左侧
         正在生成代码...
         正在编译...
         mmo_client.cpp
     1>e:\workspace\mmo_server\common\socketapi.h(121): warning C4091: “typedef ”: 没有声明变量时忽略“fd_event”的左侧
         server.cpp
     1>e:\workspace\mmo_server\common\socketapi.h(121): warning C4091: “typedef ”: 没有声明变量时忽略“fd_event”的左侧
     1>e:\workspace\mmo_server\common\server.cpp(127): warning C4018: “<”: 有符号/无符号不匹配
         ServerSocket.cpp
     1>e:\workspace\mmo_server\common\socketapi.h(121): warning C4091: “typedef ”: 没有声明变量时忽略“fd_event”的左侧
         正在生成代码...
         正在跳过...(未检测到相关更改)
         session.cpp
       Link:
         D:\Program Files (x86)\Microsoft Visual Studio 12.0\VC\bin\link.exe /ERRORREPORT:PROMPT /OUT:"E:\workspace\mmo_server\Debug\mmo_client.exe" /INCREMENTAL /NOLOGO WS2_32.LIB kernel32.lib user32.lib gdi32.lib winspool.lib comdlg32.lib advapi32.lib shell32.lib ole32.lib oleaut32.lib uuid.lib odbc32.lib odbccp32.lib /MANIFEST /MANIFESTUAC:"level='asInvoker' uiAccess='false'" /manifest:embed /DEBUG /PDB:"E:\workspace\mmo_server\Debug\mmo_client.pdb" /SUBSYSTEM:CONSOLE /TLBID:1 /DYNAMICBASE /NXCOMPAT /IMPLIB:"E:\workspace\mmo_server\Debug\mmo_client.lib" /MACHINE:X86 Debug\iobuffer.obj
         Debug\server.obj
         Debug\ServerSocket.obj
         Debug\session.obj
         Debug\Socket.obj
         Debug\SocketAPI.obj
         Debug\Thread.obj
         Debug\mmo_client.obj
         Debug\stdafx.obj
         mmo_client.vcxproj -> E:\workspace\mmo_server\Debug\mmo_client.exe
     1>已完成生成项目“E:\workspace\mmo_server\mmo_client\mmo_client.vcxproj”(Build 个目标)的操作。

生成成功。

已用时间 00:00:10.68
