生成启动时间为 2015/8/11 15:24:17。
     1>项目“E:\workspace\mmo_server\mmo_server\mmo_server.vcxproj”在节点 2 上(Build 个目标)。
     1>ClCompile:
         D:\Program Files (x86)\Microsoft Visual Studio 12.0\VC\bin\CL.exe /c /IE:\workspace\mmo_server\common\message /IE:\workspace\mmo_server\common /ZI /nologo /W3 /WX- /Od /Oy- /D WIN32 /D _DEBUG /D _CONSOLE /D _UNICODE /D UNICODE /Gm /EHsc /RTC1 /MDd /GS /fp:precise /Zc:wchar_t /Zc:forScope /Fo"Debug\\" /Fd"Debug\vc120.pdb" /Gd /TP /analyze- /errorReport:prompt ..\common\ServerSocket.cpp ..\common\Socket.cpp ..\common\server.cpp ..\common\session.cpp mmo_server.cpp
         Socket.cpp
     1>e:\workspace\mmo_server\common\socketapi.h(121): warning C4091: “typedef ”: 没有声明变量时忽略“fd_event”的左侧
     1>e:\workspace\mmo_server\common\socket.cpp(20): warning C4996: 'strncpy': This function or variable may be unsafe. Consider using strncpy_s instead. To disable deprecation, use _CRT_SECURE_NO_WARNINGS. See online help for details.
                 d:\program files (x86)\microsoft visual studio 12.0\vc\include\string.h(195) : 参见“strncpy”的声明
     1>e:\workspace\mmo_server\common\socket.cpp(202): warning C4996: 'strncpy': This function or variable may be unsafe. Consider using strncpy_s instead. To disable deprecation, use _CRT_SECURE_NO_WARNINGS. See online help for details.
                 d:\program files (x86)\microsoft visual studio 12.0\vc\include\string.h(195) : 参见“strncpy”的声明
     1>e:\workspace\mmo_server\common\socket.cpp(256): warning C4996: 'strncpy': This function or variable may be unsafe. Consider using strncpy_s instead. To disable deprecation, use _CRT_SECURE_NO_WARNINGS. See online help for details.
                 d:\program files (x86)\microsoft visual studio 12.0\vc\include\string.h(195) : 参见“strncpy”的声明
         正在生成代码...
         正在编译...
         mmo_server.cpp
     1>e:\workspace\mmo_server\common\socketapi.h(121): warning C4091: “typedef ”: 没有声明变量时忽略“fd_event”的左侧
         server.cpp
     1>e:\workspace\mmo_server\common\socketapi.h(121): warning C4091: “typedef ”: 没有声明变量时忽略“fd_event”的左侧
     1>e:\workspace\mmo_server\common\server.cpp(127): warning C4018: “<”: 有符号/无符号不匹配
         ServerSocket.cpp
     1>e:\workspace\mmo_server\common\socketapi.h(121): warning C4091: “typedef ”: 没有声明变量时忽略“fd_event”的左侧
         正在生成代码...
         正在跳过...(未检测到相关更改)
         session.cpp
       Link:
         D:\Program Files (x86)\Microsoft Visual Studio 12.0\VC\bin\link.exe /ERRORREPORT:PROMPT /OUT:"E:\workspace\mmo_server\Debug\mmo_server.exe" /INCREMENTAL /NOLOGO WS2_32.LIB kernel32.lib user32.lib gdi32.lib winspool.lib comdlg32.lib advapi32.lib shell32.lib ole32.lib oleaut32.lib uuid.lib odbc32.lib odbccp32.lib /MANIFEST /MANIFESTUAC:"level='asInvoker' uiAccess='false'" /manifest:embed /DEBUG /PDB:"E:\workspace\mmo_server\Debug\mmo_server.pdb" /SUBSYSTEM:CONSOLE /TLBID:1 /DYNAMICBASE /NXCOMPAT /IMPLIB:"E:\workspace\mmo_server\Debug\mmo_server.lib" /MACHINE:X86 Debug\iobuffer.obj
         Debug\server.obj
         Debug\ServerSocket.obj
         Debug\session.obj
         Debug\Socket.obj
         Debug\SocketAPI.obj
         Debug\Thread.obj
         Debug\mmo_server.obj
         Debug\stdafx.obj
         mmo_server.vcxproj -> E:\workspace\mmo_server\Debug\mmo_server.exe
     1>已完成生成项目“E:\workspace\mmo_server\mmo_server\mmo_server.vcxproj”(Build 个目标)的操作。

生成成功。

已用时间 00:00:11.03
