e:\workspace\mmo_server\mmo_server\debug\mmo_server.pch
e:\workspace\mmo_server\mmo_server\debug\vc120.pdb
e:\workspace\mmo_server\mmo_server\debug\vc120.idb
e:\workspace\mmo_server\mmo_server\debug\stdafx.obj
e:\workspace\mmo_server\mmo_server\debug\iobuffer.obj
e:\workspace\mmo_server\mmo_server\debug\server.obj
e:\workspace\mmo_server\mmo_server\debug\serversocket.obj
e:\workspace\mmo_server\mmo_server\debug\session.obj
e:\workspace\mmo_server\mmo_server\debug\socket.obj
e:\workspace\mmo_server\mmo_server\debug\socketapi.obj
e:\workspace\mmo_server\mmo_server\debug\thread.obj
e:\workspace\mmo_server\mmo_server\debug\mmo_server.obj
e:\workspace\mmo_server\mmo_server\debug\server_adapter.obj
e:\workspace\mmo_server\debug\mmo_server.ilk
e:\workspace\mmo_server\debug\mmo_server.exe
e:\workspace\mmo_server\debug\mmo_server.pdb
e:\workspace\mmo_server\mmo_server\debug\mmo_server.tlog\cl.command.1.tlog
e:\workspace\mmo_server\mmo_server\debug\mmo_server.tlog\cl.read.1.tlog
e:\workspace\mmo_server\mmo_server\debug\mmo_server.tlog\cl.write.1.tlog
e:\workspace\mmo_server\mmo_server\debug\mmo_server.tlog\link.command.1.tlog
e:\workspace\mmo_server\mmo_server\debug\mmo_server.tlog\link.read.1.tlog
e:\workspace\mmo_server\mmo_server\debug\mmo_server.tlog\link.write.1.tlog
